Audio system is not initialized.
Audio system is not initialized.
connect OK dt=2.18s
get_current_joint_positions -> ([-0.0, 0.6265487568838616, -0.6265446925754651, 0.626540777196245, -0.6265356622432346, 0.6265350643429153, -0.6265376264008731], [-3.584111659016287e-06, 3.584111659016287e-06])
get_current_head_pose -> shape=(4, 4) val=array([[ 1.00025297e+00, -2.84889618e-05, -5.48846380e-05,
        -5.10679041e-06],
       [-2.85176782e-05,  1.00000847e+00, -2.56815124e-04,
        -2.10349652e-05],
       [ 5.08851778e-05, -2.12036711e-06,  1.00024547e+00,
         2.18983355e-05],
       [ 0.00000000e+00,  0.00000000e+00,  0.00000000e+00,
         1.00000000e+00]])
antenna_pos -> [-3.584111659016287e-06, 3.584111659016287e-06]
call wake_up()...
  wake_up OK dt=2.55s
after wake_up joint_pos -> ([-0.0, 0.6351437290567036, -0.6379600562432808, 0.6293483164308178, -0.623810014522452, 0.6153086239590791, -0.618026414363399], [-2.166713286043463e-14, 2.166713286043463e-14])
set_target_antenna_joint_positions([0.3, -0.3])...
  antenna after move -> [0.3, -0.3]
goto_sleep OK
DONE moved=True total=9.25s
