V1: verify-matrix.yml 含 lint: job
  ok: lint job 已落地
V2: lint job 含 actionlint setup step
  ok: rhysd/actionlint@v1 binary 接入
V3: lint job 含 lint_paths_filter.py 调用
  ok: lint_paths_filter.py 已接入
V4: lint job 含 lint_workflows.py --strict 调用
  ok: lint_workflows.py --strict 已接入
V5: changes / smoke / verify-* job 通过 needs 链依赖 lint
  ok: needs 链 lint → smoke/changes → verify-* 完整
V6: 本机跑 lint_paths_filter.py rc=0
  ok: rc=0
    [lint_paths_filter] OK 5/5
V7: 本机跑 lint_workflows.py --strict rc=0（要求 actionlint 已装）
  ok: rc=0 (/opt/homebrew/bin/actionlint)
V8: actionlint 直接对 verify-matrix.yml dry-run rc=0（本 feature 改动自校验）
  ok: rc=0 (/opt/homebrew/bin/actionlint .github/workflows/verify-matrix.yml)
V9: verify-matrix.yml 整体仍合法 YAML
  ok: yaml 合法，jobs=10，lint 已被 changes/smoke needs

infra-015 verify PASS (9/9)
